<?xml version="1.0" encoding="UTF-8"?>
<!-- Generated by org.testng.reporters.JUnitXMLReporter -->
<testsuite hostname="DESKTOP-BPC4G7D" name="Module1" tests="2" failures="2" timestamp="22 Jul 2019 04:21:00 GMT" time="84.992" errors="0">
  <testcase name="f" time="0.193" classname="testng9.Class1">
    <failure type="java.lang.AssertionError" message="The following asserts failed:
	expected [false] but found [true],
	expected [false] but found [true]">
      <![CDATA[java.lang.AssertionError: The following asserts failed:
	expected [false] but found [true],
	expected [false] but found [true]
	at testng9.Class1.f(Class1.java:26)
... Removed 25 stack frames]]>
    </failure>
  </testcase> <!-- f -->
  <testcase name="f" time="0.147" classname="testng9.Class2">
    <failure type="java.lang.AssertionError" message="The following asserts failed:
	expected [false] but found [true],
	expected [false] but found [true]">
      <![CDATA[java.lang.AssertionError: The following asserts failed:
	expected [false] but found [true],
	expected [false] but found [true]
	at testng9.Class2.f(Class2.java:25)
... Removed 25 stack frames]]>
    </failure>
  </testcase> <!-- f -->
</testsuite> <!-- Module1 -->
